C:\Program Files\Microsoft Visual Studio\2022\Community\MSBuild\Microsoft\VC\v170\Microsoft.CppBuild.targets(531,5): warning MSB8028: 中间目录(x64\Debug\)包含从另一个项目(FEngineLib.vcxproj, MyEngine.vcxproj)共享的文件。   这会导致错误的清除和重新生成行为。
  Adapter.cpp
X:\Project\CS\FFramework\FEngine\MyEngine\DX12\RenderStructure.h(1,1): warning C4819: 该文件包含不能在当前代码页(936)中表示的字符。请将该文件保存为 Unicode 格式以防止数据丢失
  (编译源文件“DX12/Adapter.cpp”)
  
  CbvSrvUav.cpp
X:\Project\CS\FFramework\FEngine\MyEngine\DX12\CbvSrvUav.cpp(1,1): warning C4819: 该文件包含不能在当前代码页(936)中表示的字符。请将该文件保存为 Unicode 格式以防止数据丢失
X:\Project\CS\FFramework\FEngine\MyEngine\DX12\CbvSrvUav.h(1,1): warning C4819: 该文件包含不能在当前代码页(936)中表示的字符。请将该文件保存为 Unicode 格式以防止数据丢失
  (编译源文件“DX12/CbvSrvUav.cpp”)
  
X:\Project\CS\FFramework\FEngine\MyEngine\DX12\RenderStructure.h(1,1): warning C4819: 该文件包含不能在当前代码页(936)中表示的字符。请将该文件保存为 Unicode 格式以防止数据丢失
  (编译源文件“DX12/CbvSrvUav.cpp”)
  
X:\Project\CS\FFramework\FEngine\MyEngine\DX12\UploadBuffer.h(1,1): warning C4819: 该文件包含不能在当前代码页(936)中表示的字符。请将该文件保存为 Unicode 格式以防止数据丢失
  (编译源文件“DX12/CbvSrvUav.cpp”)
  
X:\Project\CS\FFramework\FEngine\MyEngine\DX12\d3d12utils.h(1,1): warning C4819: 该文件包含不能在当前代码页(936)中表示的字符。请将该文件保存为 Unicode 格式以防止数据丢失
  (编译源文件“DX12/CbvSrvUav.cpp”)
  
X:\Project\CS\FFramework\FEngine\MyEngine\DX12\DepthStencilView.h(1,1): warning C4819: 该文件包含不能在当前代码页(936)中表示的字符。请将该文件保存为 Unicode 格式以防止数据丢失
  (编译源文件“DX12/CbvSrvUav.cpp”)
  
X:\Project\CS\FFramework\FEngine\MyEngine\DX12\Device.h(1,1): warning C4819: 该文件包含不能在当前代码页(936)中表示的字符。请将该文件保存为 Unicode 格式以防止数据丢失
  (编译源文件“DX12/CbvSrvUav.cpp”)
  
X:\Project\CS\FFramework\FEngine\MyEngine\DX12\MathHelper.h(1,1): warning C4819: 该文件包含不能在当前代码页(936)中表示的字符。请将该文件保存为 Unicode 格式以防止数据丢失
  (编译源文件“DX12/CbvSrvUav.cpp”)
  
  CommandAllocator.cpp
X:\Project\CS\FFramework\FEngine\MyEngine\DX12\CommandAllocator.h(1,1): warning C4819: 该文件包含不能在当前代码页(936)中表示的字符。请将该文件保存为 Unicode 格式以防止数据丢失
  (编译源文件“DX12/CommandAllocator.cpp”)
  
X:\Project\CS\FFramework\FEngine\MyEngine\DX12\RenderStructure.h(1,1): warning C4819: 该文件包含不能在当前代码页(936)中表示的字符。请将该文件保存为 Unicode 格式以防止数据丢失
  (编译源文件“DX12/CommandAllocator.cpp”)
  
X:\Project\CS\FFramework\FEngine\MyEngine\DX12\d3d12utils.h(1,1): warning C4819: 该文件包含不能在当前代码页(936)中表示的字符。请将该文件保存为 Unicode 格式以防止数据丢失
  (编译源文件“DX12/CommandAllocator.cpp”)
  
X:\Project\CS\FFramework\FEngine\MyEngine\DX12\DepthStencilView.h(1,1): warning C4819: 该文件包含不能在当前代码页(936)中表示的字符。请将该文件保存为 Unicode 格式以防止数据丢失
  (编译源文件“DX12/CommandAllocator.cpp”)
  
X:\Project\CS\FFramework\FEngine\MyEngine\DX12\Device.h(1,1): warning C4819: 该文件包含不能在当前代码页(936)中表示的字符。请将该文件保存为 Unicode 格式以防止数据丢失
  (编译源文件“DX12/CommandAllocator.cpp”)
  
X:\Project\CS\FFramework\FEngine\MyEngine\DX12\MathHelper.h(1,1): warning C4819: 该文件包含不能在当前代码页(936)中表示的字符。请将该文件保存为 Unicode 格式以防止数据丢失
  (编译源文件“DX12/CommandAllocator.cpp”)
  
  CommandList.cpp
X:\Project\CS\FFramework\FEngine\MyEngine\DX12\CommandList.h(1,1): warning C4819: 该文件包含不能在当前代码页(936)中表示的字符。请将该文件保存为 Unicode 格式以防止数据丢失
  (编译源文件“DX12/CommandList.cpp”)
  
X:\Project\CS\FFramework\FEngine\MyEngine\DX12\RenderStructure.h(1,1): warning C4819: 该文件包含不能在当前代码页(936)中表示的字符。请将该文件保存为 Unicode 格式以防止数据丢失
  (编译源文件“DX12/CommandList.cpp”)
  
X:\Project\CS\FFramework\FEngine\MyEngine\DX12\CommandAllocator.h(1,1): warning C4819: 该文件包含不能在当前代码页(936)中表示的字符。请将该文件保存为 Unicode 格式以防止数据丢失
  (编译源文件“DX12/CommandList.cpp”)
  
X:\Project\CS\FFramework\FEngine\MyEngine\DX12\d3d12utils.h(1,1): warning C4819: 该文件包含不能在当前代码页(936)中表示的字符。请将该文件保存为 Unicode 格式以防止数据丢失
  (编译源文件“DX12/CommandList.cpp”)
  
X:\Project\CS\FFramework\FEngine\MyEngine\DX12\DepthStencilView.h(1,1): warning C4819: 该文件包含不能在当前代码页(936)中表示的字符。请将该文件保存为 Unicode 格式以防止数据丢失
  (编译源文件“DX12/CommandList.cpp”)
  
X:\Project\CS\FFramework\FEngine\MyEngine\DX12\Device.h(1,1): warning C4819: 该文件包含不能在当前代码页(936)中表示的字符。请将该文件保存为 Unicode 格式以防止数据丢失
  (编译源文件“DX12/CommandList.cpp”)
  
X:\Project\CS\FFramework\FEngine\MyEngine\DX12\MathHelper.h(1,1): warning C4819: 该文件包含不能在当前代码页(936)中表示的字符。请将该文件保存为 Unicode 格式以防止数据丢失
  (编译源文件“DX12/CommandList.cpp”)
  
X:\Project\CS\FFramework\FEngine\MyEngine\DX12\PipelineStateObject.h(1,1): warning C4819: 该文件包含不能在当前代码页(936)中表示的字符。请将该文件保存为 Unicode 格式以防止数据丢失
  (编译源文件“DX12/CommandList.cpp”)
  
  CommandQueue.cpp
X:\Project\CS\FFramework\FEngine\MyEngine\DX12\CommandQueue.h(1,1): warning C4819: 该文件包含不能在当前代码页(936)中表示的字符。请将该文件保存为 Unicode 格式以防止数据丢失
  (编译源文件“DX12/CommandQueue.cpp”)
  
X:\Project\CS\FFramework\FEngine\MyEngine\DX12\RenderStructure.h(1,1): warning C4819: 该文件包含不能在当前代码页(936)中表示的字符。请将该文件保存为 Unicode 格式以防止数据丢失
  (编译源文件“DX12/CommandQueue.cpp”)
  
X:\Project\CS\FFramework\FEngine\MyEngine\DX12\d3d12utils.h(1,1): warning C4819: 该文件包含不能在当前代码页(936)中表示的字符。请将该文件保存为 Unicode 格式以防止数据丢失
  (编译源文件“DX12/CommandQueue.cpp”)
  
X:\Project\CS\FFramework\FEngine\MyEngine\DX12\DepthStencilView.h(1,1): warning C4819: 该文件包含不能在当前代码页(936)中表示的字符。请将该文件保存为 Unicode 格式以防止数据丢失
  (编译源文件“DX12/CommandQueue.cpp”)
  
X:\Project\CS\FFramework\FEngine\MyEngine\DX12\Device.h(1,1): warning C4819: 该文件包含不能在当前代码页(936)中表示的字符。请将该文件保存为 Unicode 格式以防止数据丢失
  (编译源文件“DX12/CommandQueue.cpp”)
  
X:\Project\CS\FFramework\FEngine\MyEngine\DX12\MathHelper.h(1,1): warning C4819: 该文件包含不能在当前代码页(936)中表示的字符。请将该文件保存为 Unicode 格式以防止数据丢失
  (编译源文件“DX12/CommandQueue.cpp”)
  
X:\Project\CS\FFramework\FEngine\MyEngine\DX12\FrameResource.h(1,1): warning C4819: 该文件包含不能在当前代码页(936)中表示的字符。请将该文件保存为 Unicode 格式以防止数据丢失
  (编译源文件“DX12/CommandQueue.cpp”)
  
X:\Project\CS\FFramework\FEngine\MyEngine\DX12\UploadBuffer.h(1,1): warning C4819: 该文件包含不能在当前代码页(936)中表示的字符。请将该文件保存为 Unicode 格式以防止数据丢失
  (编译源文件“DX12/CommandQueue.cpp”)
  
X:\Project\CS\FFramework\FEngine\MyEngine\DX12\Fence.h(1,1): warning C4819: 该文件包含不能在当前代码页(936)中表示的字符。请将该文件保存为 Unicode 格式以防止数据丢失
  (编译源文件“DX12/CommandQueue.cpp”)
  
X:\Project\CS\FFramework\FEngine\MyEngine\DX12\CommandList.h(1,1): warning C4819: 该文件包含不能在当前代码页(936)中表示的字符。请将该文件保存为 Unicode 格式以防止数据丢失
  (编译源文件“DX12/CommandQueue.cpp”)
  
  DebugController.cpp
X:\Project\CS\FFramework\FEngine\MyEngine\DX12\RenderStructure.h(1,1): warning C4819: 该文件包含不能在当前代码页(936)中表示的字符。请将该文件保存为 Unicode 格式以防止数据丢失
  (编译源文件“DX12/DebugController.cpp”)
  
X:\Project\CS\FFramework\FEngine\MyEngine\DX12\d3d12utils.h(1,1): warning C4819: 该文件包含不能在当前代码页(936)中表示的字符。请将该文件保存为 Unicode 格式以防止数据丢失
  (编译源文件“DX12/DebugController.cpp”)
  
X:\Project\CS\FFramework\FEngine\MyEngine\DX12\DepthStencilView.h(1,1): warning C4819: 该文件包含不能在当前代码页(936)中表示的字符。请将该文件保存为 Unicode 格式以防止数据丢失
  (编译源文件“DX12/DebugController.cpp”)
  
X:\Project\CS\FFramework\FEngine\MyEngine\DX12\Device.h(1,1): warning C4819: 该文件包含不能在当前代码页(936)中表示的字符。请将该文件保存为 Unicode 格式以防止数据丢失
  (编译源文件“DX12/DebugController.cpp”)
  
X:\Project\CS\FFramework\FEngine\MyEngine\DX12\MathHelper.h(1,1): warning C4819: 该文件包含不能在当前代码页(936)中表示的字符。请将该文件保存为 Unicode 格式以防止数据丢失
  (编译源文件“DX12/DebugController.cpp”)
  
  DepthStencilView.cpp
X:\Project\CS\FFramework\FEngine\MyEngine\DX12\DepthStencilView.cpp(1,1): warning C4819: 该文件包含不能在当前代码页(936)中表示的字符。请将该文件保存为 Unicode 格式以防止数据丢失
X:\Project\CS\FFramework\FEngine\MyEngine\DX12\DepthStencilView.h(1,1): warning C4819: 该文件包含不能在当前代码页(936)中表示的字符。请将该文件保存为 Unicode 格式以防止数据丢失
  (编译源文件“DX12/DepthStencilView.cpp”)
  
X:\Project\CS\FFramework\FEngine\MyEngine\DX12\Device.h(1,1): warning C4819: 该文件包含不能在当前代码页(936)中表示的字符。请将该文件保存为 Unicode 格式以防止数据丢失
  (编译源文件“DX12/DepthStencilView.cpp”)
  
X:\Project\CS\FFramework\FEngine\MyEngine\DX12\RenderStructure.h(1,1): warning C4819: 该文件包含不能在当前代码页(936)中表示的字符。请将该文件保存为 Unicode 格式以防止数据丢失
  (编译源文件“DX12/DepthStencilView.cpp”)
  
X:\Project\CS\FFramework\FEngine\MyEngine\DX12\d3d12utils.h(1,1): warning C4819: 该文件包含不能在当前代码页(936)中表示的字符。请将该文件保存为 Unicode 格式以防止数据丢失
  (编译源文件“DX12/DepthStencilView.cpp”)
  
X:\Project\CS\FFramework\FEngine\MyEngine\DX12\MathHelper.h(1,1): warning C4819: 该文件包含不能在当前代码页(936)中表示的字符。请将该文件保存为 Unicode 格式以防止数据丢失
  (编译源文件“DX12/DepthStencilView.cpp”)
  
X:\Project\CS\FFramework\FEngine\MyEngine\DX12\CommandList.h(1,1): warning C4819: 该文件包含不能在当前代码页(936)中表示的字符。请将该文件保存为 Unicode 格式以防止数据丢失
  (编译源文件“DX12/DepthStencilView.cpp”)
  
  Device.cpp
X:\Project\CS\FFramework\FEngine\MyEngine\DX12\Device.cpp(1,1): warning C4819: 该文件包含不能在当前代码页(936)中表示的字符。请将该文件保存为 Unicode 格式以防止数据丢失
X:\Project\CS\FFramework\FEngine\MyEngine\DX12\Device.h(1,1): warning C4819: 该文件包含不能在当前代码页(936)中表示的字符。请将该文件保存为 Unicode 格式以防止数据丢失
  (编译源文件“DX12/Device.cpp”)
  
X:\Project\CS\FFramework\FEngine\MyEngine\DX12\RenderStructure.h(1,1): warning C4819: 该文件包含不能在当前代码页(936)中表示的字符。请将该文件保存为 Unicode 格式以防止数据丢失
  (编译源文件“DX12/Device.cpp”)
  
X:\Project\CS\FFramework\FEngine\MyEngine\DX12\d3d12utils.h(1,1): warning C4819: 该文件包含不能在当前代码页(936)中表示的字符。请将该文件保存为 Unicode 格式以防止数据丢失
  (编译源文件“DX12/Device.cpp”)
  
X:\Project\CS\FFramework\FEngine\MyEngine\DX12\DepthStencilView.h(1,1): warning C4819: 该文件包含不能在当前代码页(936)中表示的字符。请将该文件保存为 Unicode 格式以防止数据丢失
  (编译源文件“DX12/Device.cpp”)
  
X:\Project\CS\FFramework\FEngine\MyEngine\DX12\MathHelper.h(1,1): warning C4819: 该文件包含不能在当前代码页(936)中表示的字符。请将该文件保存为 Unicode 格式以防止数据丢失
  (编译源文件“DX12/Device.cpp”)
  
X:\Project\CS\FFramework\FEngine\MyEngine\DX12\FrameResource.h(1,1): warning C4819: 该文件包含不能在当前代码页(936)中表示的字符。请将该文件保存为 Unicode 格式以防止数据丢失
  (编译源文件“DX12/Device.cpp”)
  
X:\Project\CS\FFramework\FEngine\MyEngine\DX12\UploadBuffer.h(1,1): warning C4819: 该文件包含不能在当前代码页(936)中表示的字符。请将该文件保存为 Unicode 格式以防止数据丢失
  (编译源文件“DX12/Device.cpp”)
  
X:\Project\CS\FFramework\FEngine\MyEngine\DX12\Fence.h(1,1): warning C4819: 该文件包含不能在当前代码页(936)中表示的字符。请将该文件保存为 Unicode 格式以防止数据丢失
  (编译源文件“DX12/Device.cpp”)
  
X:\Project\CS\FFramework\FEngine\MyEngine\DX12\Factory.h(1,1): warning C4819: 该文件包含不能在当前代码页(936)中表示的字符。请将该文件保存为 Unicode 格式以防止数据丢失
  (编译源文件“DX12/Device.cpp”)
  
  Factory.cpp
X:\Project\CS\FFramework\FEngine\MyEngine\DX12\Factory.h(1,1): warning C4819: 该文件包含不能在当前代码页(936)中表示的字符。请将该文件保存为 Unicode 格式以防止数据丢失
  (编译源文件“DX12/Factory.cpp”)
  
X:\Project\CS\FFramework\FEngine\MyEngine\DX12\RenderStructure.h(1,1): warning C4819: 该文件包含不能在当前代码页(936)中表示的字符。请将该文件保存为 Unicode 格式以防止数据丢失
  (编译源文件“DX12/Factory.cpp”)
  
X:\Project\CS\FFramework\FEngine\MyEngine\DX12\d3d12utils.h(1,1): warning C4819: 该文件包含不能在当前代码页(936)中表示的字符。请将该文件保存为 Unicode 格式以防止数据丢失
  (编译源文件“DX12/Factory.cpp”)
  
X:\Project\CS\FFramework\FEngine\MyEngine\DX12\DepthStencilView.h(1,1): warning C4819: 该文件包含不能在当前代码页(936)中表示的字符。请将该文件保存为 Unicode 格式以防止数据丢失
  (编译源文件“DX12/Factory.cpp”)
  
X:\Project\CS\FFramework\FEngine\MyEngine\DX12\Device.h(1,1): warning C4819: 该文件包含不能在当前代码页(936)中表示的字符。请将该文件保存为 Unicode 格式以防止数据丢失
  (编译源文件“DX12/Factory.cpp”)
  
X:\Project\CS\FFramework\FEngine\MyEngine\DX12\MathHelper.h(1,1): warning C4819: 该文件包含不能在当前代码页(936)中表示的字符。请将该文件保存为 Unicode 格式以防止数据丢失
  (编译源文件“DX12/Factory.cpp”)
  
  Fence.cpp
X:\Project\CS\FFramework\FEngine\MyEngine\DX12\Fence.h(1,1): warning C4819: 该文件包含不能在当前代码页(936)中表示的字符。请将该文件保存为 Unicode 格式以防止数据丢失
  (编译源文件“DX12/Fence.cpp”)
  
X:\Project\CS\FFramework\FEngine\MyEngine\DX12\RenderStructure.h(1,1): warning C4819: 该文件包含不能在当前代码页(936)中表示的字符。请将该文件保存为 Unicode 格式以防止数据丢失
  (编译源文件“DX12/Fence.cpp”)
  
X:\Project\CS\FFramework\FEngine\MyEngine\DX12\d3d12utils.h(1,1): warning C4819: 该文件包含不能在当前代码页(936)中表示的字符。请将该文件保存为 Unicode 格式以防止数据丢失
  (编译源文件“DX12/Fence.cpp”)
  
X:\Project\CS\FFramework\FEngine\MyEngine\DX12\DepthStencilView.h(1,1): warning C4819: 该文件包含不能在当前代码页(936)中表示的字符。请将该文件保存为 Unicode 格式以防止数据丢失
  (编译源文件“DX12/Fence.cpp”)
  
X:\Project\CS\FFramework\FEngine\MyEngine\DX12\Device.h(1,1): warning C4819: 该文件包含不能在当前代码页(936)中表示的字符。请将该文件保存为 Unicode 格式以防止数据丢失
  (编译源文件“DX12/Fence.cpp”)
  
X:\Project\CS\FFramework\FEngine\MyEngine\DX12\MathHelper.h(1,1): warning C4819: 该文件包含不能在当前代码页(936)中表示的字符。请将该文件保存为 Unicode 格式以防止数据丢失
  (编译源文件“DX12/Fence.cpp”)
  
  FrameResource.cpp
X:\Project\CS\FFramework\FEngine\MyEngine\DX12\Device.h(1,1): warning C4819: 该文件包含不能在当前代码页(936)中表示的字符。请将该文件保存为 Unicode 格式以防止数据丢失
  (编译源文件“DX12/FrameResource.cpp”)
  
X:\Project\CS\FFramework\FEngine\MyEngine\DX12\RenderStructure.h(1,1): warning C4819: 该文件包含不能在当前代码页(936)中表示的字符。请将该文件保存为 Unicode 格式以防止数据丢失
  (编译源文件“DX12/FrameResource.cpp”)
  
X:\Project\CS\FFramework\FEngine\MyEngine\DX12\CommandList.h(1,1): warning C4819: 该文件包含不能在当前代码页(936)中表示的字符。请将该文件保存为 Unicode 格式以防止数据丢失
  (编译源文件“DX12/FrameResource.cpp”)
  
X:\Project\CS\FFramework\FEngine\MyEngine\DX12\FrameResource.h(1,1): warning C4819: 该文件包含不能在当前代码页(936)中表示的字符。请将该文件保存为 Unicode 格式以防止数据丢失
  (编译源文件“DX12/FrameResource.cpp”)
  
X:\Project\CS\FFramework\FEngine\MyEngine\DX12\MathHelper.h(1,1): warning C4819: 该文件包含不能在当前代码页(936)中表示的字符。请将该文件保存为 Unicode 格式以防止数据丢失
  (编译源文件“DX12/FrameResource.cpp”)
  
X:\Project\CS\FFramework\FEngine\MyEngine\DX12\UploadBuffer.h(1,1): warning C4819: 该文件包含不能在当前代码页(936)中表示的字符。请将该文件保存为 Unicode 格式以防止数据丢失
  (编译源文件“DX12/FrameResource.cpp”)
  
X:\Project\CS\FFramework\FEngine\MyEngine\DX12\d3d12utils.h(1,1): warning C4819: 该文件包含不能在当前代码页(936)中表示的字符。请将该文件保存为 Unicode 格式以防止数据丢失
  (编译源文件“DX12/FrameResource.cpp”)
  
X:\Project\CS\FFramework\FEngine\MyEngine\DX12\DepthStencilView.h(1,1): warning C4819: 该文件包含不能在当前代码页(936)中表示的字符。请将该文件保存为 Unicode 格式以防止数据丢失
  (编译源文件“DX12/FrameResource.cpp”)
  
X:\Project\CS\FFramework\FEngine\MyEngine\DX12\Fence.h(1,1): warning C4819: 该文件包含不能在当前代码页(936)中表示的字符。请将该文件保存为 Unicode 格式以防止数据丢失
  (编译源文件“DX12/FrameResource.cpp”)
  
X:\Project\CS\FFramework\FEngine\MyEngine\DX12\CommandAllocator.h(1,1): warning C4819: 该文件包含不能在当前代码页(936)中表示的字符。请将该文件保存为 Unicode 格式以防止数据丢失
  (编译源文件“DX12/FrameResource.cpp”)
  
X:\Project\CS\FFramework\FEngine\MyEngine\DX12\FrameResource.cpp(30,16): warning C4244: “return”: 从“const UINT64”转换到“UINT”，可能丢失数据
  Model.cpp
X:\Project\CS\FFramework\FEngine\MyEngine\DX12\MeshGeometry.h(1,1): warning C4819: 该文件包含不能在当前代码页(936)中表示的字符。请将该文件保存为 Unicode 格式以防止数据丢失
  (编译源文件“DX12/Model.cpp”)
  
X:\Project\CS\FFramework\FEngine\MyEngine\DX12\SubMeshGeometry.h(1,1): warning C4819: 该文件包含不能在当前代码页(936)中表示的字符。请将该文件保存为 Unicode 格式以防止数据丢失
  (编译源文件“DX12/Model.cpp”)
  
  PipelineStateObject.cpp
X:\Project\CS\FFramework\FEngine\MyEngine\DX12\PipelineStateObject.cpp(1,1): warning C4819: 该文件包含不能在当前代码页(936)中表示的字符。请将该文件保存为 Unicode 格式以防止数据丢失
X:\Project\CS\FFramework\FEngine\MyEngine\DX12\PipelineStateObject.h(1,1): warning C4819: 该文件包含不能在当前代码页(936)中表示的字符。请将该文件保存为 Unicode 格式以防止数据丢失
  (编译源文件“DX12/PipelineStateObject.cpp”)
  
X:\Project\CS\FFramework\FEngine\MyEngine\DX12\RenderStructure.h(1,1): warning C4819: 该文件包含不能在当前代码页(936)中表示的字符。请将该文件保存为 Unicode 格式以防止数据丢失
  (编译源文件“DX12/PipelineStateObject.cpp”)
  
X:\Project\CS\FFramework\FEngine\MyEngine\DX12\d3d12utils.h(1,1): warning C4819: 该文件包含不能在当前代码页(936)中表示的字符。请将该文件保存为 Unicode 格式以防止数据丢失
  (编译源文件“DX12/PipelineStateObject.cpp”)
  
X:\Project\CS\FFramework\FEngine\MyEngine\DX12\DepthStencilView.h(1,1): warning C4819: 该文件包含不能在当前代码页(936)中表示的字符。请将该文件保存为 Unicode 格式以防止数据丢失
  (编译源文件“DX12/PipelineStateObject.cpp”)
  
X:\Project\CS\FFramework\FEngine\MyEngine\DX12\Device.h(1,1): warning C4819: 该文件包含不能在当前代码页(936)中表示的字符。请将该文件保存为 Unicode 格式以防止数据丢失
  (编译源文件“DX12/PipelineStateObject.cpp”)
  
X:\Project\CS\FFramework\FEngine\MyEngine\DX12\MathHelper.h(1,1): warning C4819: 该文件包含不能在当前代码页(936)中表示的字符。请将该文件保存为 Unicode 格式以防止数据丢失
  (编译源文件“DX12/PipelineStateObject.cpp”)
  
X:\Project\CS\FFramework\FEngine\MyEngine\DX12\RootSignature.h(1,1): warning C4819: 该文件包含不能在当前代码页(936)中表示的字符。请将该文件保存为 Unicode 格式以防止数据丢失
  (编译源文件“DX12/PipelineStateObject.cpp”)
  
X:\Project\CS\FFramework\FEngine\MyEngine\DX12\ShaderDesc.h(1,1): warning C4819: 该文件包含不能在当前代码页(936)中表示的字符。请将该文件保存为 Unicode 格式以防止数据丢失
  (编译源文件“DX12/PipelineStateObject.cpp”)
  
  RenderItem.cpp
X:\Project\CS\FFramework\FEngine\MyEngine\DX12\RenderItem.h(1,1): warning C4819: 该文件包含不能在当前代码页(936)中表示的字符。请将该文件保存为 Unicode 格式以防止数据丢失
  (编译源文件“DX12/RenderItem.cpp”)
  
X:\Project\CS\FFramework\FEngine\MyEngine\DX12\RenderStructure.h(1,1): warning C4819: 该文件包含不能在当前代码页(936)中表示的字符。请将该文件保存为 Unicode 格式以防止数据丢失
  (编译源文件“DX12/RenderItem.cpp”)
  
X:\Project\CS\FFramework\FEngine\MyEngine\DX12\MeshGeometry.h(1,1): warning C4819: 该文件包含不能在当前代码页(936)中表示的字符。请将该文件保存为 Unicode 格式以防止数据丢失
  (编译源文件“DX12/RenderItem.cpp”)
  
X:\Project\CS\FFramework\FEngine\MyEngine\DX12\SubMeshGeometry.h(1,1): warning C4819: 该文件包含不能在当前代码页(936)中表示的字符。请将该文件保存为 Unicode 格式以防止数据丢失
  (编译源文件“DX12/RenderItem.cpp”)
  
  RenderTargetView.cpp
X:\Project\CS\FFramework\FEngine\MyEngine\DX12\RenderTargetView.cpp(1,1): warning C4819: 该文件包含不能在当前代码页(936)中表示的字符。请将该文件保存为 Unicode 格式以防止数据丢失
X:\Project\CS\FFramework\FEngine\MyEngine\DX12\RenderTargetView.h(1,1): warning C4819: 该文件包含不能在当前代码页(936)中表示的字符。请将该文件保存为 Unicode 格式以防止数据丢失
  (编译源文件“DX12/RenderTargetView.cpp”)
  
X:\Project\CS\FFramework\FEngine\MyEngine\DX12\RenderStructure.h(1,1): warning C4819: 该文件包含不能在当前代码页(936)中表示的字符。请将该文件保存为 Unicode 格式以防止数据丢失
  (编译源文件“DX12/RenderTargetView.cpp”)
  
X:\Project\CS\FFramework\FEngine\MyEngine\DX12\d3d12utils.h(1,1): warning C4819: 该文件包含不能在当前代码页(936)中表示的字符。请将该文件保存为 Unicode 格式以防止数据丢失
  (编译源文件“DX12/RenderTargetView.cpp”)
  
X:\Project\CS\FFramework\FEngine\MyEngine\DX12\DepthStencilView.h(1,1): warning C4819: 该文件包含不能在当前代码页(936)中表示的字符。请将该文件保存为 Unicode 格式以防止数据丢失
  (编译源文件“DX12/RenderTargetView.cpp”)
  
X:\Project\CS\FFramework\FEngine\MyEngine\DX12\Device.h(1,1): warning C4819: 该文件包含不能在当前代码页(936)中表示的字符。请将该文件保存为 Unicode 格式以防止数据丢失
  (编译源文件“DX12/RenderTargetView.cpp”)
  
X:\Project\CS\FFramework\FEngine\MyEngine\DX12\MathHelper.h(1,1): warning C4819: 该文件包含不能在当前代码页(936)中表示的字符。请将该文件保存为 Unicode 格式以防止数据丢失
  (编译源文件“DX12/RenderTargetView.cpp”)
  
X:\Project\CS\FFramework\FEngine\MyEngine\DX12\SwapChain.h(1,1): warning C4819: 该文件包含不能在当前代码页(936)中表示的字符。请将该文件保存为 Unicode 格式以防止数据丢失
  (编译源文件“DX12/RenderTargetView.cpp”)
  
X:\Project\CS\FFramework\FEngine\MyEngine\DX12\RenderTargetView.cpp(56,22): warning C4018: “<”: 有符号/无符号不匹配
X:\Project\CS\FFramework\FEngine\MyEngine\DX12\RenderTargetView.cpp(84,22): warning C4018: “<”: 有符号/无符号不匹配
  RootSignature.cpp
X:\Project\CS\FFramework\FEngine\MyEngine\DX12\RootSignature.cpp(1,1): warning C4819: 该文件包含不能在当前代码页(936)中表示的字符。请将该文件保存为 Unicode 格式以防止数据丢失
X:\Project\CS\FFramework\FEngine\MyEngine\DX12\RootSignature.h(1,1): warning C4819: 该文件包含不能在当前代码页(936)中表示的字符。请将该文件保存为 Unicode 格式以防止数据丢失
  (编译源文件“DX12/RootSignature.cpp”)
  
X:\Project\CS\FFramework\FEngine\MyEngine\DX12\RenderStructure.h(1,1): warning C4819: 该文件包含不能在当前代码页(936)中表示的字符。请将该文件保存为 Unicode 格式以防止数据丢失
  (编译源文件“DX12/RootSignature.cpp”)
  
X:\Project\CS\FFramework\FEngine\MyEngine\DX12\d3d12utils.h(1,1): warning C4819: 该文件包含不能在当前代码页(936)中表示的字符。请将该文件保存为 Unicode 格式以防止数据丢失
  (编译源文件“DX12/RootSignature.cpp”)
  
X:\Project\CS\FFramework\FEngine\MyEngine\DX12\DepthStencilView.h(1,1): warning C4819: 该文件包含不能在当前代码页(936)中表示的字符。请将该文件保存为 Unicode 格式以防止数据丢失
  (编译源文件“DX12/RootSignature.cpp”)
  
X:\Project\CS\FFramework\FEngine\MyEngine\DX12\Device.h(1,1): warning C4819: 该文件包含不能在当前代码页(936)中表示的字符。请将该文件保存为 Unicode 格式以防止数据丢失
  (编译源文件“DX12/RootSignature.cpp”)
  
X:\Project\CS\FFramework\FEngine\MyEngine\DX12\MathHelper.h(1,1): warning C4819: 该文件包含不能在当前代码页(936)中表示的字符。请将该文件保存为 Unicode 格式以防止数据丢失
  (编译源文件“DX12/RootSignature.cpp”)
  
  SwapChain.cpp
X:\Project\CS\FFramework\FEngine\MyEngine\DX12\SwapChain.cpp(1,1): warning C4819: 该文件包含不能在当前代码页(936)中表示的字符。请将该文件保存为 Unicode 格式以防止数据丢失
X:\Project\CS\FFramework\FEngine\MyEngine\DX12\d3d12utils.h(1,1): warning C4819: 该文件包含不能在当前代码页(936)中表示的字符。请将该文件保存为 Unicode 格式以防止数据丢失
  (编译源文件“DX12/SwapChain.cpp”)
  
X:\Project\CS\FFramework\FEngine\MyEngine\DX12\DepthStencilView.h(1,1): warning C4819: 该文件包含不能在当前代码页(936)中表示的字符。请将该文件保存为 Unicode 格式以防止数据丢失
  (编译源文件“DX12/SwapChain.cpp”)
  
X:\Project\CS\FFramework\FEngine\MyEngine\DX12\Device.h(1,1): warning C4819: 该文件包含不能在当前代码页(936)中表示的字符。请将该文件保存为 Unicode 格式以防止数据丢失
  (编译源文件“DX12/SwapChain.cpp”)
  
X:\Project\CS\FFramework\FEngine\MyEngine\DX12\RenderStructure.h(1,1): warning C4819: 该文件包含不能在当前代码页(936)中表示的字符。请将该文件保存为 Unicode 格式以防止数据丢失
  (编译源文件“DX12/SwapChain.cpp”)
  
X:\Project\CS\FFramework\FEngine\MyEngine\DX12\MathHelper.h(1,1): warning C4819: 该文件包含不能在当前代码页(936)中表示的字符。请将该文件保存为 Unicode 格式以防止数据丢失
  (编译源文件“DX12/SwapChain.cpp”)
  
X:\Project\CS\FFramework\FEngine\MyEngine\DX12\SwapChain.h(1,1): warning C4819: 该文件包含不能在当前代码页(936)中表示的字符。请将该文件保存为 Unicode 格式以防止数据丢失
  (编译源文件“DX12/SwapChain.cpp”)
  
X:\Project\CS\FFramework\FEngine\MyEngine\DX12\CommandQueue.h(1,1): warning C4819: 该文件包含不能在当前代码页(936)中表示的字符。请将该文件保存为 Unicode 格式以防止数据丢失
  (编译源文件“DX12/SwapChain.cpp”)
  
X:\Project\CS\FFramework\FEngine\MyEngine\DX12\Factory.h(1,1): warning C4819: 该文件包含不能在当前代码页(936)中表示的字符。请将该文件保存为 Unicode 格式以防止数据丢失
  (编译源文件“DX12/SwapChain.cpp”)
  
  d3d12utils.cpp
X:\Project\CS\FFramework\FEngine\MyEngine\DX12\d3d12utils.cpp(1,1): warning C4819: 该文件包含不能在当前代码页(936)中表示的字符。请将该文件保存为 Unicode 格式以防止数据丢失
X:\Project\CS\FFramework\FEngine\MyEngine\DX12\d3d12utils.h(1,1): warning C4819: 该文件包含不能在当前代码页(936)中表示的字符。请将该文件保存为 Unicode 格式以防止数据丢失
  (编译源文件“DX12/d3d12utils.cpp”)
  
X:\Project\CS\FFramework\FEngine\MyEngine\DX12\DepthStencilView.h(1,1): warning C4819: 该文件包含不能在当前代码页(936)中表示的字符。请将该文件保存为 Unicode 格式以防止数据丢失
  (编译源文件“DX12/d3d12utils.cpp”)
  
X:\Project\CS\FFramework\FEngine\MyEngine\DX12\Device.h(1,1): warning C4819: 该文件包含不能在当前代码页(936)中表示的字符。请将该文件保存为 Unicode 格式以防止数据丢失
  (编译源文件“DX12/d3d12utils.cpp”)
  
X:\Project\CS\FFramework\FEngine\MyEngine\DX12\RenderStructure.h(1,1): warning C4819: 该文件包含不能在当前代码页(936)中表示的字符。请将该文件保存为 Unicode 格式以防止数据丢失
  (编译源文件“DX12/d3d12utils.cpp”)
  
X:\Project\CS\FFramework\FEngine\MyEngine\DX12\MathHelper.h(1,1): warning C4819: 该文件包含不能在当前代码页(936)中表示的字符。请将该文件保存为 Unicode 格式以防止数据丢失
  (编译源文件“DX12/d3d12utils.cpp”)
  
X:\Project\CS\FFramework\FEngine\MyEngine\DX12\CommandList.h(1,1): warning C4819: 该文件包含不能在当前代码页(936)中表示的字符。请将该文件保存为 Unicode 格式以防止数据丢失
  (编译源文件“DX12/d3d12utils.cpp”)
  
X:\Project\CS\FFramework\FEngine\MyEngine\DX12\MeshGeometry.h(1,1): warning C4819: 该文件包含不能在当前代码页(936)中表示的字符。请将该文件保存为 Unicode 格式以防止数据丢失
  (编译源文件“DX12/d3d12utils.cpp”)
  
X:\Project\CS\FFramework\FEngine\MyEngine\DX12\SubMeshGeometry.h(1,1): warning C4819: 该文件包含不能在当前代码页(936)中表示的字符。请将该文件保存为 Unicode 格式以防止数据丢失
  (编译源文件“DX12/d3d12utils.cpp”)
  
X:\Project\CS\FFramework\FEngine\MyEngine\DX12\MeshGeometry.h(9,8): warning C4099: “MeshGeometry”: 类型名称以前使用“class”现在使用的是“struct”
  (编译源文件“DX12/d3d12utils.cpp”)
  X:\Project\CS\FFramework\FEngine\MyEngine\DX12\MeshGeometry.h(9,8):
  参见“MeshGeometry”的声明
  
  Renderer.cpp
X:\Project\CS\FFramework\FEngine\MyEngine\Renderer\Renderer.cpp(1,1): warning C4819: 该文件包含不能在当前代码页(936)中表示的字符。请将该文件保存为 Unicode 格式以防止数据丢失
X:\Project\CS\FFramework\FEngine\MyEngine\Renderer\Renderer.h(1,1): warning C4819: 该文件包含不能在当前代码页(936)中表示的字符。请将该文件保存为 Unicode 格式以防止数据丢失
  (编译源文件“Renderer/Renderer.cpp”)
  
X:\Project\CS\FFramework\FEngine\MyEngine\DX12\RenderStructure.h(1,1): warning C4819: 该文件包含不能在当前代码页(936)中表示的字符。请将该文件保存为 Unicode 格式以防止数据丢失
  (编译源文件“Renderer/Renderer.cpp”)
  
X:\Project\CS\FFramework\FEngine\MyEngine\Renderer\RendererInfo.h(1,1): warning C4819: 该文件包含不能在当前代码页(936)中表示的字符。请将该文件保存为 Unicode 格式以防止数据丢失
  (编译源文件“Renderer/Renderer.cpp”)
  
X:\Project\CS\FFramework\FEngine\MyEngine\DX12\d3d12utils.h(1,1): warning C4819: 该文件包含不能在当前代码页(936)中表示的字符。请将该文件保存为 Unicode 格式以防止数据丢失
  (编译源文件“Renderer/Renderer.cpp”)
  
X:\Project\CS\FFramework\FEngine\MyEngine\DX12\DepthStencilView.h(1,1): warning C4819: 该文件包含不能在当前代码页(936)中表示的字符。请将该文件保存为 Unicode 格式以防止数据丢失
  (编译源文件“Renderer/Renderer.cpp”)
  
X:\Project\CS\FFramework\FEngine\MyEngine\DX12\Device.h(1,1): warning C4819: 该文件包含不能在当前代码页(936)中表示的字符。请将该文件保存为 Unicode 格式以防止数据丢失
  (编译源文件“Renderer/Renderer.cpp”)
  
X:\Project\CS\FFramework\FEngine\MyEngine\DX12\MathHelper.h(1,1): warning C4819: 该文件包含不能在当前代码页(936)中表示的字符。请将该文件保存为 Unicode 格式以防止数据丢失
  (编译源文件“Renderer/Renderer.cpp”)
  
X:\Project\CS\FFramework\FEngine\MyEngine\DX12\Factory.h(1,1): warning C4819: 该文件包含不能在当前代码页(936)中表示的字符。请将该文件保存为 Unicode 格式以防止数据丢失
  (编译源文件“Renderer/Renderer.cpp”)
  
X:\Project\CS\FFramework\FEngine\MyEngine\DX12\CommandQueue.h(1,1): warning C4819: 该文件包含不能在当前代码页(936)中表示的字符。请将该文件保存为 Unicode 格式以防止数据丢失
  (编译源文件“Renderer/Renderer.cpp”)
  
X:\Project\CS\FFramework\FEngine\MyEngine\DX12\CommandList.h(1,1): warning C4819: 该文件包含不能在当前代码页(936)中表示的字符。请将该文件保存为 Unicode 格式以防止数据丢失
  (编译源文件“Renderer/Renderer.cpp”)
  
X:\Project\CS\FFramework\FEngine\MyEngine\DX12\SwapChain.h(1,1): warning C4819: 该文件包含不能在当前代码页(936)中表示的字符。请将该文件保存为 Unicode 格式以防止数据丢失
  (编译源文件“Renderer/Renderer.cpp”)
  
X:\Project\CS\FFramework\FEngine\MyEngine\DX12\RenderTargetView.h(1,1): warning C4819: 该文件包含不能在当前代码页(936)中表示的字符。请将该文件保存为 Unicode 格式以防止数据丢失
  (编译源文件“Renderer/Renderer.cpp”)
  
X:\Project\CS\FFramework\FEngine\MyEngine\DX12\CommandAllocator.h(1,1): warning C4819: 该文件包含不能在当前代码页(936)中表示的字符。请将该文件保存为 Unicode 格式以防止数据丢失
  (编译源文件“Renderer/Renderer.cpp”)
  
X:\Project\CS\FFramework\FEngine\MyEngine\DX12\RenderItem.h(1,1): warning C4819: 该文件包含不能在当前代码页(936)中表示的字符。请将该文件保存为 Unicode 格式以防止数据丢失
  (编译源文件“Renderer/Renderer.cpp”)
  
X:\Project\CS\FFramework\FEngine\MyEngine\DX12\FrameResource.h(1,1): warning C4819: 该文件包含不能在当前代码页(936)中表示的字符。请将该文件保存为 Unicode 格式以防止数据丢失
  (编译源文件“Renderer/Renderer.cpp”)
  
X:\Project\CS\FFramework\FEngine\MyEngine\DX12\UploadBuffer.h(1,1): warning C4819: 该文件包含不能在当前代码页(936)中表示的字符。请将该文件保存为 Unicode 格式以防止数据丢失
  (编译源文件“Renderer/Renderer.cpp”)
  
X:\Project\CS\FFramework\FEngine\MyEngine\DX12\Fence.h(1,1): warning C4819: 该文件包含不能在当前代码页(936)中表示的字符。请将该文件保存为 Unicode 格式以防止数据丢失
  (编译源文件“Renderer/Renderer.cpp”)
  
X:\Project\CS\FFramework\FEngine\MyEngine\DX12\RootSignature.h(1,1): warning C4819: 该文件包含不能在当前代码页(936)中表示的字符。请将该文件保存为 Unicode 格式以防止数据丢失
  (编译源文件“Renderer/Renderer.cpp”)
  
X:\Project\CS\FFramework\FEngine\MyEngine\DX12\PipelineStateObject.h(1,1): warning C4819: 该文件包含不能在当前代码页(936)中表示的字符。请将该文件保存为 Unicode 格式以防止数据丢失
  (编译源文件“Renderer/Renderer.cpp”)
  
X:\Project\CS\FFramework\FEngine\MyEngine\DX12\ShaderDesc.h(1,1): warning C4819: 该文件包含不能在当前代码页(936)中表示的字符。请将该文件保存为 Unicode 格式以防止数据丢失
  (编译源文件“Renderer/Renderer.cpp”)
  
X:\Project\CS\FFramework\FEngine\MyEngine\DX12\CbvSrvUav.h(1,1): warning C4819: 该文件包含不能在当前代码页(936)中表示的字符。请将该文件保存为 Unicode 格式以防止数据丢失
  (编译源文件“Renderer/Renderer.cpp”)
  
X:\Project\CS\FFramework\FEngine\MyEngine\DX12\ImGuiUtils\ImGuiUtils.h(4,9): warning C4067: 预处理器指令后有意外标记 - 应输入换行符
  (编译源文件“Renderer/Renderer.cpp”)
  
X:\Project\CS\FFramework\FEngine\MyEngine\DX12\ImGuiUtils\ImGuiUtils.h(5,9): warning C4067: 预处理器指令后有意外标记 - 应输入换行符
  (编译源文件“Renderer/Renderer.cpp”)
  
X:\Project\CS\FFramework\FEngine\MyEngine\DX12\ImGuiUtils\ImGuiUtils.h(6,9): warning C4067: 预处理器指令后有意外标记 - 应输入换行符
  (编译源文件“Renderer/Renderer.cpp”)
  
X:\Project\CS\FFramework\FEngine\MyEngine\DX12\MeshGeometry.h(1,1): warning C4819: 该文件包含不能在当前代码页(936)中表示的字符。请将该文件保存为 Unicode 格式以防止数据丢失
  (编译源文件“Renderer/Renderer.cpp”)
  
X:\Project\CS\FFramework\FEngine\MyEngine\DX12\SubMeshGeometry.h(1,1): warning C4819: 该文件包含不能在当前代码页(936)中表示的字符。请将该文件保存为 Unicode 格式以防止数据丢失
  (编译源文件“Renderer/Renderer.cpp”)
  
X:\Project\CS\FFramework\FEngine\MyEngine\DX12\MeshGeometry.h(9,8): warning C4099: “MeshGeometry”: 类型名称以前使用“class”现在使用的是“struct”
  (编译源文件“Renderer/Renderer.cpp”)
  X:\Project\CS\FFramework\FEngine\MyEngine\DX12\MeshGeometry.h(9,8):
  参见“MeshGeometry”的声明
  
X:\Project\CS\FFramework\FEngine\MyEngine\DX12\CbvSrvUav.h(46,17): warning C4018: “<”: 有符号/无符号不匹配
  (编译源文件“Renderer/Renderer.cpp”)
  X:\Project\CS\FFramework\FEngine\MyEngine\DX12\CbvSrvUav.h(46,17):
  模板实例化上下文(最早的实例化上下文)为
  	X:\Project\CS\FFramework\FEngine\MyEngine\Renderer\Renderer.cpp(137,66):
  	查看对正在编译的函数 模板 实例化“std::unique_ptr<UploadBuffer<FRenderer::ObjectConstants>,std::default_delete<UploadBuffer<FRenderer::ObjectConstants>>> FRenderer::CbvSrvUav::CreateConstantBufferView<FRenderer::ObjectConstants>(const FRenderer::Device *,const UINT)”的引用
  
  main.cpp
X:\Project\CS\FFramework\FEngine\MyEngine\Test\main.cpp(1,1): warning C4819: 该文件包含不能在当前代码页(936)中表示的字符。请将该文件保存为 Unicode 格式以防止数据丢失
X:\Project\CS\FFramework\FEngine\MyEngine\Renderer\Renderer.h(1,1): warning C4819: 该文件包含不能在当前代码页(936)中表示的字符。请将该文件保存为 Unicode 格式以防止数据丢失
  (编译源文件“Test/main.cpp”)
  
X:\Project\CS\FFramework\FEngine\MyEngine\DX12\RenderStructure.h(1,1): warning C4819: 该文件包含不能在当前代码页(936)中表示的字符。请将该文件保存为 Unicode 格式以防止数据丢失
  (编译源文件“Test/main.cpp”)
  
X:\Project\CS\FFramework\FEngine\MyEngine\Renderer\RendererInfo.h(1,1): warning C4819: 该文件包含不能在当前代码页(936)中表示的字符。请将该文件保存为 Unicode 格式以防止数据丢失
  (编译源文件“Test/main.cpp”)
  
X:\Project\CS\FFramework\FEngine\MyEngine\DX12\MeshGeometry.h(1,1): warning C4819: 该文件包含不能在当前代码页(936)中表示的字符。请将该文件保存为 Unicode 格式以防止数据丢失
  (编译源文件“Test/main.cpp”)
  
X:\Project\CS\FFramework\FEngine\MyEngine\DX12\SubMeshGeometry.h(1,1): warning C4819: 该文件包含不能在当前代码页(936)中表示的字符。请将该文件保存为 Unicode 格式以防止数据丢失
  (编译源文件“Test/main.cpp”)
  
X:\Project\CS\FFramework\FEngine\MyEngine\DX12\RenderItem.h(1,1): warning C4819: 该文件包含不能在当前代码页(936)中表示的字符。请将该文件保存为 Unicode 格式以防止数据丢失
  (编译源文件“Test/main.cpp”)
  
X:\Project\CS\FFramework\FEngine\MyEngine\DX12\CommandList.h(1,1): warning C4819: 该文件包含不能在当前代码页(936)中表示的字符。请将该文件保存为 Unicode 格式以防止数据丢失
  (编译源文件“Test/main.cpp”)
  
X:\Project\CS\FFramework\FEngine\MyEngine\DX12\CommandQueue.h(1,1): warning C4819: 该文件包含不能在当前代码页(936)中表示的字符。请将该文件保存为 Unicode 格式以防止数据丢失
  (编译源文件“Test/main.cpp”)
  
X:\Project\CS\FFramework\FEngine\MyEngine\DX12\d3d12utils.h(1,1): warning C4819: 该文件包含不能在当前代码页(936)中表示的字符。请将该文件保存为 Unicode 格式以防止数据丢失
  (编译源文件“Test/main.cpp”)
  
X:\Project\CS\FFramework\FEngine\MyEngine\DX12\DepthStencilView.h(1,1): warning C4819: 该文件包含不能在当前代码页(936)中表示的字符。请将该文件保存为 Unicode 格式以防止数据丢失
  (编译源文件“Test/main.cpp”)
  
X:\Project\CS\FFramework\FEngine\MyEngine\DX12\Device.h(1,1): warning C4819: 该文件包含不能在当前代码页(936)中表示的字符。请将该文件保存为 Unicode 格式以防止数据丢失
  (编译源文件“Test/main.cpp”)
  
X:\Project\CS\FFramework\FEngine\MyEngine\DX12\MathHelper.h(1,1): warning C4819: 该文件包含不能在当前代码页(936)中表示的字符。请将该文件保存为 Unicode 格式以防止数据丢失
  (编译源文件“Test/main.cpp”)
  
X:\Project\CS\FFramework\FEngine\MyEngine\DX12\d3d12utils.h(27,7): warning C4099: “MeshGeometry”: 类型名称以前使用“struct”现在使用的是“class”
  (编译源文件“Test/main.cpp”)
  X:\Project\CS\FFramework\FEngine\MyEngine\DX12\MeshGeometry.h(9,8):
  参见“MeshGeometry”的声明
  
X:\Project\CS\FFramework\FEngine\MyEngine\DX12\ImGuiUtils\ImGuiUtils.h(4,9): warning C4067: 预处理器指令后有意外标记 - 应输入换行符
  (编译源文件“Test/main.cpp”)
  
X:\Project\CS\FFramework\FEngine\MyEngine\DX12\ImGuiUtils\ImGuiUtils.h(5,9): warning C4067: 预处理器指令后有意外标记 - 应输入换行符
  (编译源文件“Test/main.cpp”)
  
X:\Project\CS\FFramework\FEngine\MyEngine\DX12\ImGuiUtils\ImGuiUtils.h(6,9): warning C4067: 预处理器指令后有意外标记 - 应输入换行符
  (编译源文件“Test/main.cpp”)
  
  正在生成代码...
  MyEngine.vcxproj -> X:\Project\CS\FFramework\FEngine\x64\Debug\Renderererererer.exe
